#
# A fatal error has been detected by the Java Runtime Environment:
#
#  EXCEPTION_ACCESS_VIOLATION (0xc0000005) at pc=0x00007ffbfbbe601e, pid=8632, tid=14180
#
# JRE version: OpenJDK Runtime Environment (Red_Hat-11.0.19+7-1) (11.0.19+7) (build 11.0.19+7-LTS)
# Java VM: OpenJDK 64-Bit Server VM (Red_Hat-11.0.19+7-1) (11.0.19+7-LTS, mixed mode, tiered, compressed oops, g1 gc, windows-amd64)
# Problematic frame:
# V  [jvm.dll+0x54601e]
#
# No core dump will be written. Minidumps are not enabled by default on client versions of Windows
#
# If you would like to submit a bug report, please visit:
#   https://bugzilla.redhat.com/enter_bug.cgi
#

---------------  S U M M A R Y ------------

Command Line: -javaagent:C:\Program Files\JetBrains\IntelliJ IDEA Community Edition 2024.1.1\lib\idea_rt.jar=54987:C:\Program Files\JetBrains\IntelliJ IDEA Community Edition 2024.1.1\bin -Dfile.encoding=UTF-8 com.spark.dataflow.Flow --configFile D:\Google_Drive_Rahul\GitHub\SparkDataFlow\src\main\resources\job_Databricks.yml --jobFile D:\Google_Drive_Rahul\GitHub\SparkDataFlow\src\main\resources\config.yml

Host: Intel(R) Core(TM) i7-6700HQ CPU @ 2.60GHz, 8 cores, 15G,  Windows 10 , 64 bit Build 19041 (10.0.19041.3636)
Time: Mon Jun 24 18:31:19 2024 Russia TZ 7 Standard Time elapsed time: 0.582222 seconds (0d 0h 0m 0s)

---------------  T H R E A D  ---------------

Current thread (0x000001f23ca1b000):  JavaThread "C2 CompilerThread1" daemon [_thread_in_native, id=14180, stack(0x0000006232a00000,0x0000006232b00000)]


Current CompileTask:
C2:    582  504       4       java.util.HashMap::put (13 bytes)

Stack: [0x0000006232a00000,0x0000006232b00000],  sp=0x0000006232afba60,  free space=1006k
Native frames: (J=compiled Java code, j=interpreted, Vv=VM code, C=native code)
V  [jvm.dll+0x54601e]
V  [jvm.dll+0x35bb5d]
V  [jvm.dll+0x19eb0d]
V  [jvm.dll+0x209365]
V  [jvm.dll+0x2083dd]
V  [jvm.dll+0x18a3b1]
V  [jvm.dll+0x217c54]
V  [jvm.dll+0x215e9b]
V  [jvm.dll+0x773160]
V  [jvm.dll+0x76c094]
V  [jvm.dll+0x622345]
C  [ucrtbase.dll+0x21bb2]
C  [KERNEL32.DLL+0x17344]
C  [ntdll.dll+0x4cc91]


siginfo: EXCEPTION_ACCESS_VIOLATION (0xc0000005), reading address 0x00006ffbfbf38920


Register to memory mapping:

RIP=0x00007ffbfbbe601e jvm.dll
RAX=0x00006ffbfbf38868 is an unknown value
RBX=0x000001f23c86ceb0 points into unknown readable memory: 0x00006ffbfbf38868 | 68 88 f3 fb fb 6f 00 00
RCX=0x000001f23c86ceb0 points into unknown readable memory: 0x00006ffbfbf38868 | 68 88 f3 fb fb 6f 00 00
RDX=0x0000000000000702 is an unknown value
RSP=0x0000006232afba60 is pointing into the stack for thread: 0x000001f23ca1b000
RBP=0x0000006232afbb90 is pointing into the stack for thread: 0x000001f23ca1b000
RSI=0x0000000000000266 is an unknown value
RDI=0x0000000000000266 is an unknown value
R8 =0x000001f23d5d7700 points into unknown readable memory: 0x000000000000000c | 0c 00 00 00 00 00 00 00
R9 =0x0 is NULL
R10=0x0000000000000004 is an unknown value
R11=0x0000000055555555 is an unknown value
R12=0x0000000000000007 is an unknown value
R13=0x000001f23cfeee68 points into unknown readable memory: 0x00007ffbfbf23ca0 | a0 3c f2 fb fb 7f 00 00
R14=0x0000000000000005 is an unknown value
R15=0x000001f23c6264b8 points into unknown readable memory: 0x00007ffbfbedbd18 | 18 bd ed fb fb 7f 00 00


Registers:
RAX=0x00006ffbfbf38868, RBX=0x000001f23c86ceb0, RCX=0x000001f23c86ceb0, RDX=0x0000000000000702
RSP=0x0000006232afba60, RBP=0x0000006232afbb90, RSI=0x0000000000000266, RDI=0x0000000000000266
R8 =0x000001f23d5d7700, R9 =0x0000000000000000, R10=0x0000000000000004, R11=0x0000000055555555
R12=0x0000000000000007, R13=0x000001f23cfeee68, R14=0x0000000000000005, R15=0x000001f23c6264b8
RIP=0x00007ffbfbbe601e, EFLAGS=0x0000000000010287

Top of Stack: (sp=0x0000006232afba60)
0x0000006232afba60:   0000006232afbb30 000001f200000004
0x0000006232afba70:   0000006232afbb20 0000000000000022
0x0000006232afba80:   0000000000000266 00007ffbfb9fbb5d
0x0000006232afba90:   000001f23d7137e0 0000006232afbb90
0x0000006232afbaa0:   0000000000000022 000001f23c9f7318
0x0000006232afbab0:   0000006232afbae0 3fab300c00000006
0x0000006232afbac0:   0000002200000000 0000000d0000000c
0x0000006232afbad0:   0000000000000000 0000000000000018
0x0000006232afbae0:   0000002000000000 0000000e00000020
0x0000006232afbaf0:   0000000000000000 000000210000000c
0x0000006232afbb00:   000000040000006a 000001f200000000
0x0000006232afbb10:   000000000000001a 0000000000000158
0x0000006232afbb20:   000001f20000000e 0000006232afbb30
0x0000006232afbb30:   000001f23d5d7700 00007ffbfc157bb0
0x0000006232afbb40:   000001f23d5d76e0 00007ffbfc157bb0
0x0000006232afbb50:   000001f23d2284f0 0000000000000001 

Instructions: (pc=0x00007ffbfbbe601e)
0x00007ffbfbbe5f1e:   cc cc 48 83 ec 28 ba 43 00 00 00 48 8d 0d 50 0c
0x00007ffbfbbe5f2e:   3b 00 e8 0b 9f d0 ff 48 83 c4 28 e9 c2 56 0d 00
0x00007ffbfbbe5f3e:   cc cc 48 89 6c 24 18 56 48 83 ec 20 8b ea 48 8b
0x00007ffbfbbe5f4e:   f1 83 fa 01 72 6d 48 8b 41 40 48 8b 0c e8 48 8b
0x00007ffbfbbe5f5e:   01 ff 50 08 85 c0 74 5b 48 8b 06 48 8b ce 48 89
0x00007ffbfbbe5f6e:   7c 24 38 ff 90 c0 00 00 00 8b f8 83 fd 01 76 31
0x00007ffbfbbe5f7e:   48 89 5c 24 30 ff cd bb 08 00 00 00 66 0f 1f 44
0x00007ffbfbbe5f8e:   00 00 48 8b 4e 40 48 8b 0c 0b 48 8b 11 ff 52 08
0x00007ffbfbbe5f9e:   03 f8 48 8d 5b 08 48 83 ed 01 75 e6 48 8b 5c 24
0x00007ffbfbbe5fae:   30 8b c7 48 8b 7c 24 38 48 8b 6c 24 40 48 83 c4
0x00007ffbfbbe5fbe:   20 5e c3 48 8b 6c 24 40 b8 ff ff ff ff 48 83 c4
0x00007ffbfbbe5fce:   20 5e c3 cc cc cc cc cc cc cc cc cc cc cc cc cc
0x00007ffbfbbe5fde:   cc cc 48 8b 42 18 41 8b 48 28 48 0f bf 54 88 02
0x00007ffbfbbe5fee:   48 8d 05 1b 9d 2a 00 0f b6 04 02 c3 cc cc cc cc
0x00007ffbfbbe5ffe:   cc cc 48 89 5c 24 08 57 48 83 ec 20 8b 41 2c 48
0x00007ffbfbbe600e:   8b d9 83 e0 3f 3c 22 0f 84 0c 01 00 00 48 8b 01
0x00007ffbfbbe601e:   ff 90 b8 00 00 00 3b 05 36 1e 3b 00 0f 82 ea 00
0x00007ffbfbbe602e:   00 00 3b 05 2e 1e 3b 00 0f 83 de 00 00 00 48 8b
0x00007ffbfbbe603e:   03 48 8b cb ff 90 e8 00 00 00 85 c0 0f 85 ca 00
0x00007ffbfbbe604e:   00 00 38 05 dc 9e 2a 00 75 18 48 8b 03 48 8b cb
0x00007ffbfbbe605e:   ff 90 40 01 00 00 83 c0 97 83 f8 01 0f 86 aa 00
0x00007ffbfbbe606e:   00 00 48 8b 03 48 8b cb ff 50 68 83 f8 0d 0f 84
0x00007ffbfbbe607e:   a5 00 00 00 8b 43 18 83 f8 02 0f 87 8c 00 00 00
0x00007ffbfbbe608e:   75 26 48 8b 43 08 48 8b 48 08 48 85 c9 74 19 48
0x00007ffbfbbe609e:   8b 01 ff 50 68 83 f8 0d 75 0e 48 8b 43 08 48 8b
0x00007ffbfbbe60ae:   48 08 83 79 18 02 77 64 48 8b 03 48 8b cb ff 90
0x00007ffbfbbe60be:   c0 00 00 00 39 43 18 76 60 4c 8b 03 8b d0 48 8b
0x00007ffbfbbe60ce:   cb 41 ff 90 80 00 00 00 48 8b 13 48 8b cb 48 8b
0x00007ffbfbbe60de:   f8 ff 52 68 8b c8 8b d8 e8 75 56 13 00 84 c0 74
0x00007ffbfbbe60ee:   13 8b cb e8 7a 56 13 00 8b d0 48 8b cf e8 a0 55
0x00007ffbfbbe60fe:   13 00 eb 14 48 8b cf e8 f6 54 13 00 85 c0 75 0c
0x00007ffbfbbe610e:   48 8b cf e8 2a 55 13 00 85 c0 74 0d 32 c0 48 8b 


Stack slot to memory mapping:
stack at sp + 0 slots: 0x0000006232afbb30 is pointing into the stack for thread: 0x000001f23ca1b000
stack at sp + 1 slots: 0x000001f200000004 is an unknown value
stack at sp + 2 slots: 0x0000006232afbb20 is pointing into the stack for thread: 0x000001f23ca1b000
stack at sp + 3 slots: 0x0000000000000022 is an unknown value
stack at sp + 4 slots: 0x0000000000000266 is an unknown value
stack at sp + 5 slots: 0x00007ffbfb9fbb5d jvm.dll
stack at sp + 6 slots: 0x000001f23d7137e0 points into unknown readable memory: 0x0000000000000000 | 00 00 00 00 00 00 00 00
stack at sp + 7 slots: 0x0000006232afbb90 is pointing into the stack for thread: 0x000001f23ca1b000


---------------  P R O C E S S  ---------------

Threads class SMR info:
_java_thread_list=0x000001f23ca9df80, length=12, elements={
0x000001f217fa3800, 0x000001f23bc87000, 0x000001f23c53a800, 0x000001f23bc8d800,
0x000001f23c58c800, 0x000001f23c58e800, 0x000001f23c59a800, 0x000001f23c5a1800,
0x000001f23c5a4000, 0x000001f23c76c800, 0x000001f23ca1b000, 0x000001f23d4ab800
}

Java Threads: ( => current thread )
  0x000001f217fa3800 JavaThread "main" [_thread_in_native, id=10036, stack(0x0000006231a00000,0x0000006231b00000)]
  0x000001f23bc87000 JavaThread "Reference Handler" daemon [_thread_blocked, id=11416, stack(0x0000006232100000,0x0000006232200000)]
  0x000001f23c53a800 JavaThread "Finalizer" daemon [_thread_blocked, id=8684, stack(0x0000006232200000,0x0000006232300000)]
  0x000001f23bc8d800 JavaThread "Signal Dispatcher" daemon [_thread_blocked, id=26748, stack(0x0000006232300000,0x0000006232400000)]
  0x000001f23c58c800 JavaThread "Attach Listener" daemon [_thread_blocked, id=13948, stack(0x0000006232400000,0x0000006232500000)]
  0x000001f23c58e800 JavaThread "Service Thread" daemon [_thread_blocked, id=27144, stack(0x0000006232500000,0x0000006232600000)]
  0x000001f23c59a800 JavaThread "C2 CompilerThread0" daemon [_thread_blocked, id=27304, stack(0x0000006232600000,0x0000006232700000)]
  0x000001f23c5a1800 JavaThread "C1 CompilerThread0" daemon [_thread_blocked, id=18484, stack(0x0000006232700000,0x0000006232800000)]
  0x000001f23c5a4000 JavaThread "Sweeper thread" daemon [_thread_blocked, id=12352, stack(0x0000006232800000,0x0000006232900000)]
  0x000001f23c76c800 JavaThread "Common-Cleaner" daemon [_thread_blocked, id=25060, stack(0x0000006232900000,0x0000006232a00000)]
=>0x000001f23ca1b000 JavaThread "C2 CompilerThread1" daemon [_thread_in_native, id=14180, stack(0x0000006232a00000,0x0000006232b00000)]
  0x000001f23d4ab800 JavaThread "Monitor Ctrl-Break" daemon [_thread_in_native, id=19832, stack(0x0000006232b00000,0x0000006232c00000)]

Other Threads:
  0x000001f23bc85000 VMThread "VM Thread" [stack: 0x0000006232000000,0x0000006232100000] [id=7636]
  0x000001f23d4ac800 WatcherThread [stack: 0x0000006232c00000,0x0000006232d00000] [id=25644]
  0x000001f217fb9000 GCTaskThread "GC Thread#0" [stack: 0x0000006231b00000,0x0000006231c00000] [id=15728]
  0x000001f218017000 ConcurrentGCThread "G1 Main Marker" [stack: 0x0000006231c00000,0x0000006231d00000] [id=14128]
  0x000001f218018800 ConcurrentGCThread "G1 Conc#0" [stack: 0x0000006231d00000,0x0000006231e00000] [id=15440]
  0x000001f23bb70000 ConcurrentGCThread "G1 Refine#0" [stack: 0x0000006231e00000,0x0000006231f00000] [id=20172]
  0x000001f23bb71000 ConcurrentGCThread "G1 Young RemSet Sampling" [stack: 0x0000006231f00000,0x0000006232000000] [id=17932]

Threads with active compile tasks:
C2 CompilerThread1      668  504       4       java.util.HashMap::put (13 bytes)

VM state:not at safepoint (normal execution)

VM Mutex/Monitor currently owned by a thread: None

Heap address: 0x0000000702200000, size: 4062 MB, Compressed Oops mode: Zero based, Oop shift amount: 3
Narrow klass base: 0x0000000800000000, Narrow klass shift: 0
Compressed class space size: 1073741824 Address: 0x0000000800000000

Heap:
 garbage-first heap   total 260096K, used 20480K [0x0000000702200000, 0x0000000800000000)
  region size 1024K, 20 young (20480K), 0 survivors (0K)
 Metaspace       used 8151K, capacity 8335K, committed 8448K, reserved 1056768K
  class space    used 668K, capacity 730K, committed 768K, reserved 1048576K
Heap Regions: E=young(eden), S=young(survivor), O=old, HS=humongous(starts), HC=humongous(continues), CS=collection set, F=free, A=archive, TAMS=top-at-mark-start (previous, next)
|   0|0x0000000702200000, 0x0000000702300000, 0x0000000702300000|100%|HS|  |TAMS 0x0000000702200000, 0x0000000702200000| Complete 
|   1|0x0000000702300000, 0x0000000702400000, 0x0000000702400000|100%|HS|  |TAMS 0x0000000702300000, 0x0000000702300000| Complete 
|   2|0x0000000702400000, 0x0000000702400000, 0x0000000702500000|  0%| F|  |TAMS 0x0000000702400000, 0x0000000702400000| Untracked 
|   3|0x0000000702500000, 0x0000000702500000, 0x0000000702600000|  0%| F|  |TAMS 0x0000000702500000, 0x0000000702500000| Untracked 
|   4|0x0000000702600000, 0x0000000702600000, 0x0000000702700000|  0%| F|  |TAMS 0x0000000702600000, 0x0000000702600000| Untracked 
|   5|0x0000000702700000, 0x0000000702700000, 0x0000000702800000|  0%| F|  |TAMS 0x0000000702700000, 0x0000000702700000| Untracked 
|   6|0x0000000702800000, 0x0000000702800000, 0x0000000702900000|  0%| F|  |TAMS 0x0000000702800000, 0x0000000702800000| Untracked 
|   7|0x0000000702900000, 0x0000000702900000, 0x0000000702a00000|  0%| F|  |TAMS 0x0000000702900000, 0x0000000702900000| Untracked 
|   8|0x0000000702a00000, 0x0000000702a00000, 0x0000000702b00000|  0%| F|  |TAMS 0x0000000702a00000, 0x0000000702a00000| Untracked 
|   9|0x0000000702b00000, 0x0000000702b00000, 0x0000000702c00000|  0%| F|  |TAMS 0x0000000702b00000, 0x0000000702b00000| Untracked 
|  10|0x0000000702c00000, 0x0000000702c00000, 0x0000000702d00000|  0%| F|  |TAMS 0x0000000702c00000, 0x0000000702c00000| Untracked 
|  11|0x0000000702d00000, 0x0000000702d00000, 0x0000000702e00000|  0%| F|  |TAMS 0x0000000702d00000, 0x0000000702d00000| Untracked 
|  12|0x0000000702e00000, 0x0000000702e00000, 0x0000000702f00000|  0%| F|  |TAMS 0x0000000702e00000, 0x0000000702e00000| Untracked 
|  13|0x0000000702f00000, 0x0000000702f00000, 0x0000000703000000|  0%| F|  |TAMS 0x0000000702f00000, 0x0000000702f00000| Untracked 
|  14|0x0000000703000000, 0x0000000703000000, 0x0000000703100000|  0%| F|  |TAMS 0x0000000703000000, 0x0000000703000000| Untracked 
|  15|0x0000000703100000, 0x0000000703100000, 0x0000000703200000|  0%| F|  |TAMS 0x0000000703100000, 0x0000000703100000| Untracked 
|  16|0x0000000703200000, 0x0000000703200000, 0x0000000703300000|  0%| F|  |TAMS 0x0000000703200000, 0x0000000703200000| Untracked 
|  17|0x0000000703300000, 0x0000000703300000, 0x0000000703400000|  0%| F|  |TAMS 0x0000000703300000, 0x0000000703300000| Untracked 
|  18|0x0000000703400000, 0x0000000703400000, 0x0000000703500000|  0%| F|  |TAMS 0x0000000703400000, 0x0000000703400000| Untracked 
|  19|0x0000000703500000, 0x0000000703500000, 0x0000000703600000|  0%| F|  |TAMS 0x0000000703500000, 0x0000000703500000| Untracked 
|  20|0x0000000703600000, 0x0000000703600000, 0x0000000703700000|  0%| F|  |TAMS 0x0000000703600000, 0x0000000703600000| Untracked 
|  21|0x0000000703700000, 0x0000000703700000, 0x0000000703800000|  0%| F|  |TAMS 0x0000000703700000, 0x0000000703700000| Untracked 
|  22|0x0000000703800000, 0x0000000703800000, 0x0000000703900000|  0%| F|  |TAMS 0x0000000703800000, 0x0000000703800000| Untracked 
|  23|0x0000000703900000, 0x0000000703900000, 0x0000000703a00000|  0%| F|  |TAMS 0x0000000703900000, 0x0000000703900000| Untracked 
|  24|0x0000000703a00000, 0x0000000703a00000, 0x0000000703b00000|  0%| F|  |TAMS 0x0000000703a00000, 0x0000000703a00000| Untracked 
|  25|0x0000000703b00000, 0x0000000703b00000, 0x0000000703c00000|  0%| F|  |TAMS 0x0000000703b00000, 0x0000000703b00000| Untracked 
|  26|0x0000000703c00000, 0x0000000703c00000, 0x0000000703d00000|  0%| F|  |TAMS 0x0000000703c00000, 0x0000000703c00000| Untracked 
|  27|0x0000000703d00000, 0x0000000703d00000, 0x0000000703e00000|  0%| F|  |TAMS 0x0000000703d00000, 0x0000000703d00000| Untracked 
|  28|0x0000000703e00000, 0x0000000703e00000, 0x0000000703f00000|  0%| F|  |TAMS 0x0000000703e00000, 0x0000000703e00000| Untracked 
|  29|0x0000000703f00000, 0x0000000703f00000, 0x0000000704000000|  0%| F|  |TAMS 0x0000000703f00000, 0x0000000703f00000| Untracked 
|  30|0x0000000704000000, 0x0000000704000000, 0x0000000704100000|  0%| F|  |TAMS 0x0000000704000000, 0x0000000704000000| Untracked 
|  31|0x0000000704100000, 0x0000000704100000, 0x0000000704200000|  0%| F|  |TAMS 0x0000000704100000, 0x0000000704100000| Untracked 
|  32|0x0000000704200000, 0x0000000704200000, 0x0000000704300000|  0%| F|  |TAMS 0x0000000704200000, 0x0000000704200000| Untracked 
|  33|0x0000000704300000, 0x0000000704300000, 0x0000000704400000|  0%| F|  |TAMS 0x0000000704300000, 0x0000000704300000| Untracked 
|  34|0x0000000704400000, 0x0000000704400000, 0x0000000704500000|  0%| F|  |TAMS 0x0000000704400000, 0x0000000704400000| Untracked 
|  35|0x0000000704500000, 0x0000000704500000, 0x0000000704600000|  0%| F|  |TAMS 0x0000000704500000, 0x0000000704500000| Untracked 
|  36|0x0000000704600000, 0x0000000704600000, 0x0000000704700000|  0%| F|  |TAMS 0x0000000704600000, 0x0000000704600000| Untracked 
|  37|0x0000000704700000, 0x0000000704700000, 0x0000000704800000|  0%| F|  |TAMS 0x0000000704700000, 0x0000000704700000| Untracked 
|  38|0x0000000704800000, 0x0000000704800000, 0x0000000704900000|  0%| F|  |TAMS 0x0000000704800000, 0x0000000704800000| Untracked 
|  39|0x0000000704900000, 0x0000000704900000, 0x0000000704a00000|  0%| F|  |TAMS 0x0000000704900000, 0x0000000704900000| Untracked 
|  40|0x0000000704a00000, 0x0000000704a00000, 0x0000000704b00000|  0%| F|  |TAMS 0x0000000704a00000, 0x0000000704a00000| Untracked 
|  41|0x0000000704b00000, 0x0000000704b00000, 0x0000000704c00000|  0%| F|  |TAMS 0x0000000704b00000, 0x0000000704b00000| Untracked 
|  42|0x0000000704c00000, 0x0000000704c00000, 0x0000000704d00000|  0%| F|  |TAMS 0x0000000704c00000, 0x0000000704c00000| Untracked 
|  43|0x0000000704d00000, 0x0000000704d00000, 0x0000000704e00000|  0%| F|  |TAMS 0x0000000704d00000, 0x0000000704d00000| Untracked 
|  44|0x0000000704e00000, 0x0000000704e00000, 0x0000000704f00000|  0%| F|  |TAMS 0x0000000704e00000, 0x0000000704e00000| Untracked 
|  45|0x0000000704f00000, 0x0000000704f00000, 0x0000000705000000|  0%| F|  |TAMS 0x0000000704f00000, 0x0000000704f00000| Untracked 
|  46|0x0000000705000000, 0x0000000705000000, 0x0000000705100000|  0%| F|  |TAMS 0x0000000705000000, 0x0000000705000000| Untracked 
|  47|0x0000000705100000, 0x0000000705100000, 0x0000000705200000|  0%| F|  |TAMS 0x0000000705100000, 0x0000000705100000| Untracked 
|  48|0x0000000705200000, 0x0000000705200000, 0x0000000705300000|  0%| F|  |TAMS 0x0000000705200000, 0x0000000705200000| Untracked 
|  49|0x0000000705300000, 0x0000000705300000, 0x0000000705400000|  0%| F|  |TAMS 0x0000000705300000, 0x0000000705300000| Untracked 
|  50|0x0000000705400000, 0x0000000705400000, 0x0000000705500000|  0%| F|  |TAMS 0x0000000705400000, 0x0000000705400000| Untracked 
|  51|0x0000000705500000, 0x0000000705500000, 0x0000000705600000|  0%| F|  |TAMS 0x0000000705500000, 0x0000000705500000| Untracked 
|  52|0x0000000705600000, 0x0000000705600000, 0x0000000705700000|  0%| F|  |TAMS 0x0000000705600000, 0x0000000705600000| Untracked 
|  53|0x0000000705700000, 0x0000000705700000, 0x0000000705800000|  0%| F|  |TAMS 0x0000000705700000, 0x0000000705700000| Untracked 
|  54|0x0000000705800000, 0x0000000705800000, 0x0000000705900000|  0%| F|  |TAMS 0x0000000705800000, 0x0000000705800000| Untracked 
|  55|0x0000000705900000, 0x0000000705900000, 0x0000000705a00000|  0%| F|  |TAMS 0x0000000705900000, 0x0000000705900000| Untracked 
|  56|0x0000000705a00000, 0x0000000705a00000, 0x0000000705b00000|  0%| F|  |TAMS 0x0000000705a00000, 0x0000000705a00000| Untracked 
|  57|0x0000000705b00000, 0x0000000705b00000, 0x0000000705c00000|  0%| F|  |TAMS 0x0000000705b00000, 0x0000000705b00000| Untracked 
|  58|0x0000000705c00000, 0x0000000705c00000, 0x0000000705d00000|  0%| F|  |TAMS 0x0000000705c00000, 0x0000000705c00000| Untracked 
|  59|0x0000000705d00000, 0x0000000705d00000, 0x0000000705e00000|  0%| F|  |TAMS 0x0000000705d00000, 0x0000000705d00000| Untracked 
|  60|0x0000000705e00000, 0x0000000705e00000, 0x0000000705f00000|  0%| F|  |TAMS 0x0000000705e00000, 0x0000000705e00000| Untracked 
|  61|0x0000000705f00000, 0x0000000705f00000, 0x0000000706000000|  0%| F|  |TAMS 0x0000000705f00000, 0x0000000705f00000| Untracked 
|  62|0x0000000706000000, 0x0000000706000000, 0x0000000706100000|  0%| F|  |TAMS 0x0000000706000000, 0x0000000706000000| Untracked 
|  63|0x0000000706100000, 0x0000000706100000, 0x0000000706200000|  0%| F|  |TAMS 0x0000000706100000, 0x0000000706100000| Untracked 
|  64|0x0000000706200000, 0x0000000706200000, 0x0000000706300000|  0%| F|  |TAMS 0x0000000706200000, 0x0000000706200000| Untracked 
|  65|0x0000000706300000, 0x0000000706300000, 0x0000000706400000|  0%| F|  |TAMS 0x0000000706300000, 0x0000000706300000| Untracked 
|  66|0x0000000706400000, 0x0000000706400000, 0x0000000706500000|  0%| F|  |TAMS 0x0000000706400000, 0x0000000706400000| Untracked 
|  67|0x0000000706500000, 0x0000000706500000, 0x0000000706600000|  0%| F|  |TAMS 0x0000000706500000, 0x0000000706500000| Untracked 
|  68|0x0000000706600000, 0x0000000706600000, 0x0000000706700000|  0%| F|  |TAMS 0x0000000706600000, 0x0000000706600000| Untracked 
|  69|0x0000000706700000, 0x0000000706700000, 0x0000000706800000|  0%| F|  |TAMS 0x0000000706700000, 0x0000000706700000| Untracked 
|  70|0x0000000706800000, 0x0000000706800000, 0x0000000706900000|  0%| F|  |TAMS 0x0000000706800000, 0x0000000706800000| Untracked 
|  71|0x0000000706900000, 0x0000000706900000, 0x0000000706a00000|  0%| F|  |TAMS 0x0000000706900000, 0x0000000706900000| Untracked 
|  72|0x0000000706a00000, 0x0000000706a00000, 0x0000000706b00000|  0%| F|  |TAMS 0x0000000706a00000, 0x0000000706a00000| Untracked 
|  73|0x0000000706b00000, 0x0000000706b00000, 0x0000000706c00000|  0%| F|  |TAMS 0x0000000706b00000, 0x0000000706b00000| Untracked 
|  74|0x0000000706c00000, 0x0000000706c00000, 0x0000000706d00000|  0%| F|  |TAMS 0x0000000706c00000, 0x0000000706c00000| Untracked 
|  75|0x0000000706d00000, 0x0000000706d00000, 0x0000000706e00000|  0%| F|  |TAMS 0x0000000706d00000, 0x0000000706d00000| Untracked 
|  76|0x0000000706e00000, 0x0000000706e00000, 0x0000000706f00000|  0%| F|  |TAMS 0x0000000706e00000, 0x0000000706e00000| Untracked 
|  77|0x0000000706f00000, 0x0000000706f00000, 0x0000000707000000|  0%| F|  |TAMS 0x0000000706f00000, 0x0000000706f00000| Untracked 
|  78|0x0000000707000000, 0x0000000707000000, 0x0000000707100000|  0%| F|  |TAMS 0x0000000707000000, 0x0000000707000000| Untracked 
|  79|0x0000000707100000, 0x0000000707100000, 0x0000000707200000|  0%| F|  |TAMS 0x0000000707100000, 0x0000000707100000| Untracked 
|  80|0x0000000707200000, 0x0000000707200000, 0x0000000707300000|  0%| F|  |TAMS 0x0000000707200000, 0x0000000707200000| Untracked 
|  81|0x0000000707300000, 0x0000000707300000, 0x0000000707400000|  0%| F|  |TAMS 0x0000000707300000, 0x0000000707300000| Untracked 
|  82|0x0000000707400000, 0x0000000707400000, 0x0000000707500000|  0%| F|  |TAMS 0x0000000707400000, 0x0000000707400000| Untracked 
|  83|0x0000000707500000, 0x0000000707500000, 0x0000000707600000|  0%| F|  |TAMS 0x0000000707500000, 0x0000000707500000| Untracked 
|  84|0x0000000707600000, 0x0000000707600000, 0x0000000707700000|  0%| F|  |TAMS 0x0000000707600000, 0x0000000707600000| Untracked 
|  85|0x0000000707700000, 0x0000000707700000, 0x0000000707800000|  0%| F|  |TAMS 0x0000000707700000, 0x0000000707700000| Untracked 
|  86|0x0000000707800000, 0x0000000707800000, 0x0000000707900000|  0%| F|  |TAMS 0x0000000707800000, 0x0000000707800000| Untracked 
|  87|0x0000000707900000, 0x0000000707900000, 0x0000000707a00000|  0%| F|  |TAMS 0x0000000707900000, 0x0000000707900000| Untracked 
|  88|0x0000000707a00000, 0x0000000707a00000, 0x0000000707b00000|  0%| F|  |TAMS 0x0000000707a00000, 0x0000000707a00000| Untracked 
|  89|0x0000000707b00000, 0x0000000707b00000, 0x0000000707c00000|  0%| F|  |TAMS 0x0000000707b00000, 0x0000000707b00000| Untracked 
|  90|0x0000000707c00000, 0x0000000707c00000, 0x0000000707d00000|  0%| F|  |TAMS 0x0000000707c00000, 0x0000000707c00000| Untracked 
|  91|0x0000000707d00000, 0x0000000707d00000, 0x0000000707e00000|  0%| F|  |TAMS 0x0000000707d00000, 0x0000000707d00000| Untracked 
|  92|0x0000000707e00000, 0x0000000707e00000, 0x0000000707f00000|  0%| F|  |TAMS 0x0000000707e00000, 0x0000000707e00000| Untracked 
|  93|0x0000000707f00000, 0x0000000707f00000, 0x0000000708000000|  0%| F|  |TAMS 0x0000000707f00000, 0x0000000707f00000| Untracked 
|  94|0x0000000708000000, 0x0000000708000000, 0x0000000708100000|  0%| F|  |TAMS 0x0000000708000000, 0x0000000708000000| Untracked 
|  95|0x0000000708100000, 0x0000000708100000, 0x0000000708200000|  0%| F|  |TAMS 0x0000000708100000, 0x0000000708100000| Untracked 
|  96|0x0000000708200000, 0x0000000708200000, 0x0000000708300000|  0%| F|  |TAMS 0x0000000708200000, 0x0000000708200000| Untracked 
|  97|0x0000000708300000, 0x0000000708300000, 0x0000000708400000|  0%| F|  |TAMS 0x0000000708300000, 0x0000000708300000| Untracked 
|  98|0x0000000708400000, 0x0000000708400000, 0x0000000708500000|  0%| F|  |TAMS 0x0000000708400000, 0x0000000708400000| Untracked 
|  99|0x0000000708500000, 0x0000000708500000, 0x0000000708600000|  0%| F|  |TAMS 0x0000000708500000, 0x0000000708500000| Untracked 
| 100|0x0000000708600000, 0x0000000708600000, 0x0000000708700000|  0%| F|  |TAMS 0x0000000708600000, 0x0000000708600000| Untracked 
| 101|0x0000000708700000, 0x0000000708700000, 0x0000000708800000|  0%| F|  |TAMS 0x0000000708700000, 0x0000000708700000| Untracked 
| 102|0x0000000708800000, 0x0000000708800000, 0x0000000708900000|  0%| F|  |TAMS 0x0000000708800000, 0x0000000708800000| Untracked 
| 103|0x0000000708900000, 0x0000000708900000, 0x0000000708a00000|  0%| F|  |TAMS 0x0000000708900000, 0x0000000708900000| Untracked 
| 104|0x0000000708a00000, 0x0000000708a00000, 0x0000000708b00000|  0%| F|  |TAMS 0x0000000708a00000, 0x0000000708a00000| Untracked 
| 105|0x0000000708b00000, 0x0000000708b00000, 0x0000000708c00000|  0%| F|  |TAMS 0x0000000708b00000, 0x0000000708b00000| Untracked 
| 106|0x0000000708c00000, 0x0000000708c00000, 0x0000000708d00000|  0%| F|  |TAMS 0x0000000708c00000, 0x0000000708c00000| Untracked 
| 107|0x0000000708d00000, 0x0000000708d00000, 0x0000000708e00000|  0%| F|  |TAMS 0x0000000708d00000, 0x0000000708d00000| Untracked 
| 108|0x0000000708e00000, 0x0000000708e00000, 0x0000000708f00000|  0%| F|  |TAMS 0x0000000708e00000, 0x0000000708e00000| Untracked 
| 109|0x0000000708f00000, 0x0000000708f00000, 0x0000000709000000|  0%| F|  |TAMS 0x0000000708f00000, 0x0000000708f00000| Untracked 
| 110|0x0000000709000000, 0x0000000709000000, 0x0000000709100000|  0%| F|  |TAMS 0x0000000709000000, 0x0000000709000000| Untracked 
| 111|0x0000000709100000, 0x0000000709100000, 0x0000000709200000|  0%| F|  |TAMS 0x0000000709100000, 0x0000000709100000| Untracked 
| 112|0x0000000709200000, 0x0000000709200000, 0x0000000709300000|  0%| F|  |TAMS 0x0000000709200000, 0x0000000709200000| Untracked 
| 113|0x0000000709300000, 0x0000000709300000, 0x0000000709400000|  0%| F|  |TAMS 0x0000000709300000, 0x0000000709300000| Untracked 
| 114|0x0000000709400000, 0x0000000709400000, 0x0000000709500000|  0%| F|  |TAMS 0x0000000709400000, 0x0000000709400000| Untracked 
| 115|0x0000000709500000, 0x0000000709500000, 0x0000000709600000|  0%| F|  |TAMS 0x0000000709500000, 0x0000000709500000| Untracked 
| 116|0x0000000709600000, 0x0000000709600000, 0x0000000709700000|  0%| F|  |TAMS 0x0000000709600000, 0x0000000709600000| Untracked 
| 117|0x0000000709700000, 0x0000000709700000, 0x0000000709800000|  0%| F|  |TAMS 0x0000000709700000, 0x0000000709700000| Untracked 
| 118|0x0000000709800000, 0x0000000709800000, 0x0000000709900000|  0%| F|  |TAMS 0x0000000709800000, 0x0000000709800000| Untracked 
| 119|0x0000000709900000, 0x0000000709900000, 0x0000000709a00000|  0%| F|  |TAMS 0x0000000709900000, 0x0000000709900000| Untracked 
| 120|0x0000000709a00000, 0x0000000709a00000, 0x0000000709b00000|  0%| F|  |TAMS 0x0000000709a00000, 0x0000000709a00000| Untracked 
| 121|0x0000000709b00000, 0x0000000709b00000, 0x0000000709c00000|  0%| F|  |TAMS 0x0000000709b00000, 0x0000000709b00000| Untracked 
| 122|0x0000000709c00000, 0x0000000709c00000, 0x0000000709d00000|  0%| F|  |TAMS 0x0000000709c00000, 0x0000000709c00000| Untracked 
| 123|0x0000000709d00000, 0x0000000709d00000, 0x0000000709e00000|  0%| F|  |TAMS 0x0000000709d00000, 0x0000000709d00000| Untracked 
| 124|0x0000000709e00000, 0x0000000709e00000, 0x0000000709f00000|  0%| F|  |TAMS 0x0000000709e00000, 0x0000000709e00000| Untracked 
| 125|0x0000000709f00000, 0x0000000709f00000, 0x000000070a000000|  0%| F|  |TAMS 0x0000000709f00000, 0x0000000709f00000| Untracked 
| 126|0x000000070a000000, 0x000000070a000000, 0x000000070a100000|  0%| F|  |TAMS 0x000000070a000000, 0x000000070a000000| Untracked 
| 127|0x000000070a100000, 0x000000070a100000, 0x000000070a200000|  0%| F|  |TAMS 0x000000070a100000, 0x000000070a100000| Untracked 
| 128|0x000000070a200000, 0x000000070a200000, 0x000000070a300000|  0%| F|  |TAMS 0x000000070a200000, 0x000000070a200000| Untracked 
| 129|0x000000070a300000, 0x000000070a300000, 0x000000070a400000|  0%| F|  |TAMS 0x000000070a300000, 0x000000070a300000| Untracked 
| 130|0x000000070a400000, 0x000000070a400000, 0x000000070a500000|  0%| F|  |TAMS 0x000000070a400000, 0x000000070a400000| Untracked 
| 131|0x000000070a500000, 0x000000070a500000, 0x000000070a600000|  0%| F|  |TAMS 0x000000070a500000, 0x000000070a500000| Untracked 
| 132|0x000000070a600000, 0x000000070a600000, 0x000000070a700000|  0%| F|  |TAMS 0x000000070a600000, 0x000000070a600000| Untracked 
| 133|0x000000070a700000, 0x000000070a700000, 0x000000070a800000|  0%| F|  |TAMS 0x000000070a700000, 0x000000070a700000| Untracked 
| 134|0x000000070a800000, 0x000000070a800000, 0x000000070a900000|  0%| F|  |TAMS 0x000000070a800000, 0x000000070a800000| Untracked 
| 135|0x000000070a900000, 0x000000070a900000, 0x000000070aa00000|  0%| F|  |TAMS 0x000000070a900000, 0x000000070a900000| Untracked 
| 136|0x000000070aa00000, 0x000000070aa00000, 0x000000070ab00000|  0%| F|  |TAMS 0x000000070aa00000, 0x000000070aa00000| Untracked 
| 137|0x000000070ab00000, 0x000000070ab00000, 0x000000070ac00000|  0%| F|  |TAMS 0x000000070ab00000, 0x000000070ab00000| Untracked 
| 138|0x000000070ac00000, 0x000000070ac00000, 0x000000070ad00000|  0%| F|  |TAMS 0x000000070ac00000, 0x000000070ac00000| Untracked 
| 139|0x000000070ad00000, 0x000000070ad00000, 0x000000070ae00000|  0%| F|  |TAMS 0x000000070ad00000, 0x000000070ad00000| Untracked 
| 140|0x000000070ae00000, 0x000000070ae00000, 0x000000070af00000|  0%| F|  |TAMS 0x000000070ae00000, 0x000000070ae00000| Untracked 
| 141|0x000000070af00000, 0x000000070af00000, 0x000000070b000000|  0%| F|  |TAMS 0x000000070af00000, 0x000000070af00000| Untracked 
| 142|0x000000070b000000, 0x000000070b000000, 0x000000070b100000|  0%| F|  |TAMS 0x000000070b000000, 0x000000070b000000| Untracked 
| 143|0x000000070b100000, 0x000000070b100000, 0x000000070b200000|  0%| F|  |TAMS 0x000000070b100000, 0x000000070b100000| Untracked 
| 144|0x000000070b200000, 0x000000070b200000, 0x000000070b300000|  0%| F|  |TAMS 0x000000070b200000, 0x000000070b200000| Untracked 
| 145|0x000000070b300000, 0x000000070b300000, 0x000000070b400000|  0%| F|  |TAMS 0x000000070b300000, 0x000000070b300000| Untracked 
| 146|0x000000070b400000, 0x000000070b400000, 0x000000070b500000|  0%| F|  |TAMS 0x000000070b400000, 0x000000070b400000| Untracked 
| 147|0x000000070b500000, 0x000000070b500000, 0x000000070b600000|  0%| F|  |TAMS 0x000000070b500000, 0x000000070b500000| Untracked 
| 148|0x000000070b600000, 0x000000070b600000, 0x000000070b700000|  0%| F|  |TAMS 0x000000070b600000, 0x000000070b600000| Untracked 
| 149|0x000000070b700000, 0x000000070b700000, 0x000000070b800000|  0%| F|  |TAMS 0x000000070b700000, 0x000000070b700000| Untracked 
| 150|0x000000070b800000, 0x000000070b800000, 0x000000070b900000|  0%| F|  |TAMS 0x000000070b800000, 0x000000070b800000| Untracked 
| 151|0x000000070b900000, 0x000000070b900000, 0x000000070ba00000|  0%| F|  |TAMS 0x000000070b900000, 0x000000070b900000| Untracked 
| 152|0x000000070ba00000, 0x000000070ba00000, 0x000000070bb00000|  0%| F|  |TAMS 0x000000070ba00000, 0x000000070ba00000| Untracked 
| 153|0x000000070bb00000, 0x000000070bb00000, 0x000000070bc00000|  0%| F|  |TAMS 0x000000070bb00000, 0x000000070bb00000| Untracked 
| 154|0x000000070bc00000, 0x000000070bc00000, 0x000000070bd00000|  0%| F|  |TAMS 0x000000070bc00000, 0x000000070bc00000| Untracked 
| 155|0x000000070bd00000, 0x000000070bd00000, 0x000000070be00000|  0%| F|  |TAMS 0x000000070bd00000, 0x000000070bd00000| Untracked 
| 156|0x000000070be00000, 0x000000070be00000, 0x000000070bf00000|  0%| F|  |TAMS 0x000000070be00000, 0x000000070be00000| Untracked 
| 157|0x000000070bf00000, 0x000000070bf00000, 0x000000070c000000|  0%| F|  |TAMS 0x000000070bf00000, 0x000000070bf00000| Untracked 
| 158|0x000000070c000000, 0x000000070c000000, 0x000000070c100000|  0%| F|  |TAMS 0x000000070c000000, 0x000000070c000000| Untracked 
| 159|0x000000070c100000, 0x000000070c100000, 0x000000070c200000|  0%| F|  |TAMS 0x000000070c100000, 0x000000070c100000| Untracked 
| 160|0x000000070c200000, 0x000000070c200000, 0x000000070c300000|  0%| F|  |TAMS 0x000000070c200000, 0x000000070c200000| Untracked 
| 161|0x000000070c300000, 0x000000070c300000, 0x000000070c400000|  0%| F|  |TAMS 0x000000070c300000, 0x000000070c300000| Untracked 
| 162|0x000000070c400000, 0x000000070c400000, 0x000000070c500000|  0%| F|  |TAMS 0x000000070c400000, 0x000000070c400000| Untracked 
| 163|0x000000070c500000, 0x000000070c500000, 0x000000070c600000|  0%| F|  |TAMS 0x000000070c500000, 0x000000070c500000| Untracked 
| 164|0x000000070c600000, 0x000000070c600000, 0x000000070c700000|  0%| F|  |TAMS 0x000000070c600000, 0x000000070c600000| Untracked 
| 165|0x000000070c700000, 0x000000070c700000, 0x000000070c800000|  0%| F|  |TAMS 0x000000070c700000, 0x000000070c700000| Untracked 
| 166|0x000000070c800000, 0x000000070c800000, 0x000000070c900000|  0%| F|  |TAMS 0x000000070c800000, 0x000000070c800000| Untracked 
| 167|0x000000070c900000, 0x000000070c900000, 0x000000070ca00000|  0%| F|  |TAMS 0x000000070c900000, 0x000000070c900000| Untracked 
| 168|0x000000070ca00000, 0x000000070ca00000, 0x000000070cb00000|  0%| F|  |TAMS 0x000000070ca00000, 0x000000070ca00000| Untracked 
| 169|0x000000070cb00000, 0x000000070cb00000, 0x000000070cc00000|  0%| F|  |TAMS 0x000000070cb00000, 0x000000070cb00000| Untracked 
| 170|0x000000070cc00000, 0x000000070cc00000, 0x000000070cd00000|  0%| F|  |TAMS 0x000000070cc00000, 0x000000070cc00000| Untracked 
| 171|0x000000070cd00000, 0x000000070cd00000, 0x000000070ce00000|  0%| F|  |TAMS 0x000000070cd00000, 0x000000070cd00000| Untracked 
| 172|0x000000070ce00000, 0x000000070ce00000, 0x000000070cf00000|  0%| F|  |TAMS 0x000000070ce00000, 0x000000070ce00000| Untracked 
| 173|0x000000070cf00000, 0x000000070cf00000, 0x000000070d000000|  0%| F|  |TAMS 0x000000070cf00000, 0x000000070cf00000| Untracked 
| 174|0x000000070d000000, 0x000000070d000000, 0x000000070d100000|  0%| F|  |TAMS 0x000000070d000000, 0x000000070d000000| Untracked 
| 175|0x000000070d100000, 0x000000070d100000, 0x000000070d200000|  0%| F|  |TAMS 0x000000070d100000, 0x000000070d100000| Untracked 
| 176|0x000000070d200000, 0x000000070d200000, 0x000000070d300000|  0%| F|  |TAMS 0x000000070d200000, 0x000000070d200000| Untracked 
| 177|0x000000070d300000, 0x000000070d300000, 0x000000070d400000|  0%| F|  |TAMS 0x000000070d300000, 0x000000070d300000| Untracked 
| 178|0x000000070d400000, 0x000000070d400000, 0x000000070d500000|  0%| F|  |TAMS 0x000000070d400000, 0x000000070d400000| Untracked 
| 179|0x000000070d500000, 0x000000070d500000, 0x000000070d600000|  0%| F|  |TAMS 0x000000070d500000, 0x000000070d500000| Untracked 
| 180|0x000000070d600000, 0x000000070d600000, 0x000000070d700000|  0%| F|  |TAMS 0x000000070d600000, 0x000000070d600000| Untracked 
| 181|0x000000070d700000, 0x000000070d700000, 0x000000070d800000|  0%| F|  |TAMS 0x000000070d700000, 0x000000070d700000| Untracked 
| 182|0x000000070d800000, 0x000000070d800000, 0x000000070d900000|  0%| F|  |TAMS 0x000000070d800000, 0x000000070d800000| Untracked 
| 183|0x000000070d900000, 0x000000070d900000, 0x000000070da00000|  0%| F|  |TAMS 0x000000070d900000, 0x000000070d900000| Untracked 
| 184|0x000000070da00000, 0x000000070da00000, 0x000000070db00000|  0%| F|  |TAMS 0x000000070da00000, 0x000000070da00000| Untracked 
| 185|0x000000070db00000, 0x000000070db00000, 0x000000070dc00000|  0%| F|  |TAMS 0x000000070db00000, 0x000000070db00000| Untracked 
| 186|0x000000070dc00000, 0x000000070dc00000, 0x000000070dd00000|  0%| F|  |TAMS 0x000000070dc00000, 0x000000070dc00000| Untracked 
| 187|0x000000070dd00000, 0x000000070dd00000, 0x000000070de00000|  0%| F|  |TAMS 0x000000070dd00000, 0x000000070dd00000| Untracked 
| 188|0x000000070de00000, 0x000000070de00000, 0x000000070df00000|  0%| F|  |TAMS 0x000000070de00000, 0x000000070de00000| Untracked 
| 189|0x000000070df00000, 0x000000070df00000, 0x000000070e000000|  0%| F|  |TAMS 0x000000070df00000, 0x000000070df00000| Untracked 
| 190|0x000000070e000000, 0x000000070e000000, 0x000000070e100000|  0%| F|  |TAMS 0x000000070e000000, 0x000000070e000000| Untracked 
| 191|0x000000070e100000, 0x000000070e100000, 0x000000070e200000|  0%| F|  |TAMS 0x000000070e100000, 0x000000070e100000| Untracked 
| 192|0x000000070e200000, 0x000000070e200000, 0x000000070e300000|  0%| F|  |TAMS 0x000000070e200000, 0x000000070e200000| Untracked 
| 193|0x000000070e300000, 0x000000070e300000, 0x000000070e400000|  0%| F|  |TAMS 0x000000070e300000, 0x000000070e300000| Untracked 
| 194|0x000000070e400000, 0x000000070e400000, 0x000000070e500000|  0%| F|  |TAMS 0x000000070e400000, 0x000000070e400000| Untracked 
| 195|0x000000070e500000, 0x000000070e500000, 0x000000070e600000|  0%| F|  |TAMS 0x000000070e500000, 0x000000070e500000| Untracked 
| 196|0x000000070e600000, 0x000000070e600000, 0x000000070e700000|  0%| F|  |TAMS 0x000000070e600000, 0x000000070e600000| Untracked 
| 197|0x000000070e700000, 0x000000070e700000, 0x000000070e800000|  0%| F|  |TAMS 0x000000070e700000, 0x000000070e700000| Untracked 
| 198|0x000000070e800000, 0x000000070e800000, 0x000000070e900000|  0%| F|  |TAMS 0x000000070e800000, 0x000000070e800000| Untracked 
| 199|0x000000070e900000, 0x000000070e900000, 0x000000070ea00000|  0%| F|  |TAMS 0x000000070e900000, 0x000000070e900000| Untracked 
| 200|0x000000070ea00000, 0x000000070ea00000, 0x000000070eb00000|  0%| F|  |TAMS 0x000000070ea00000, 0x000000070ea00000| Untracked 
| 201|0x000000070eb00000, 0x000000070eb00000, 0x000000070ec00000|  0%| F|  |TAMS 0x000000070eb00000, 0x000000070eb00000| Untracked 
| 202|0x000000070ec00000, 0x000000070ec00000, 0x000000070ed00000|  0%| F|  |TAMS 0x000000070ec00000, 0x000000070ec00000| Untracked 
| 203|0x000000070ed00000, 0x000000070ed00000, 0x000000070ee00000|  0%| F|  |TAMS 0x000000070ed00000, 0x000000070ed00000| Untracked 
| 204|0x000000070ee00000, 0x000000070ee00000, 0x000000070ef00000|  0%| F|  |TAMS 0x000000070ee00000, 0x000000070ee00000| Untracked 
| 205|0x000000070ef00000, 0x000000070ef00000, 0x000000070f000000|  0%| F|  |TAMS 0x000000070ef00000, 0x000000070ef00000| Untracked 
| 206|0x000000070f000000, 0x000000070f000000, 0x000000070f100000|  0%| F|  |TAMS 0x000000070f000000, 0x000000070f000000| Untracked 
| 207|0x000000070f100000, 0x000000070f100000, 0x000000070f200000|  0%| F|  |TAMS 0x000000070f100000, 0x000000070f100000| Untracked 
| 208|0x000000070f200000, 0x000000070f200000, 0x000000070f300000|  0%| F|  |TAMS 0x000000070f200000, 0x000000070f200000| Untracked 
| 209|0x000000070f300000, 0x000000070f300000, 0x000000070f400000|  0%| F|  |TAMS 0x000000070f300000, 0x000000070f300000| Untracked 
| 210|0x000000070f400000, 0x000000070f400000, 0x000000070f500000|  0%| F|  |TAMS 0x000000070f400000, 0x000000070f400000| Untracked 
| 211|0x000000070f500000, 0x000000070f500000, 0x000000070f600000|  0%| F|  |TAMS 0x000000070f500000, 0x000000070f500000| Untracked 
| 212|0x000000070f600000, 0x000000070f600000, 0x000000070f700000|  0%| F|  |TAMS 0x000000070f600000, 0x000000070f600000| Untracked 
| 213|0x000000070f700000, 0x000000070f700000, 0x000000070f800000|  0%| F|  |TAMS 0x000000070f700000, 0x000000070f700000| Untracked 
| 214|0x000000070f800000, 0x000000070f800000, 0x000000070f900000|  0%| F|  |TAMS 0x000000070f800000, 0x000000070f800000| Untracked 
| 215|0x000000070f900000, 0x000000070f900000, 0x000000070fa00000|  0%| F|  |TAMS 0x000000070f900000, 0x000000070f900000| Untracked 
| 216|0x000000070fa00000, 0x000000070fa00000, 0x000000070fb00000|  0%| F|  |TAMS 0x000000070fa00000, 0x000000070fa00000| Untracked 
| 217|0x000000070fb00000, 0x000000070fb00000, 0x000000070fc00000|  0%| F|  |TAMS 0x000000070fb00000, 0x000000070fb00000| Untracked 
| 218|0x000000070fc00000, 0x000000070fc00000, 0x000000070fd00000|  0%| F|  |TAMS 0x000000070fc00000, 0x000000070fc00000| Untracked 
| 219|0x000000070fd00000, 0x000000070fd00000, 0x000000070fe00000|  0%| F|  |TAMS 0x000000070fd00000, 0x000000070fd00000| Untracked 
| 220|0x000000070fe00000, 0x000000070fe00000, 0x000000070ff00000|  0%| F|  |TAMS 0x000000070fe00000, 0x000000070fe00000| Untracked 
| 221|0x000000070ff00000, 0x000000070ff00000, 0x0000000710000000|  0%| F|  |TAMS 0x000000070ff00000, 0x000000070ff00000| Untracked 
| 222|0x0000000710000000, 0x0000000710000000, 0x0000000710100000|  0%| F|  |TAMS 0x0000000710000000, 0x0000000710000000| Untracked 
| 223|0x0000000710100000, 0x0000000710100000, 0x0000000710200000|  0%| F|  |TAMS 0x0000000710100000, 0x0000000710100000| Untracked 
| 224|0x0000000710200000, 0x0000000710200000, 0x0000000710300000|  0%| F|  |TAMS 0x0000000710200000, 0x0000000710200000| Untracked 
| 225|0x0000000710300000, 0x0000000710300000, 0x0000000710400000|  0%| F|  |TAMS 0x0000000710300000, 0x0000000710300000| Untracked 
| 226|0x0000000710400000, 0x0000000710400000, 0x0000000710500000|  0%| F|  |TAMS 0x0000000710400000, 0x0000000710400000| Untracked 
| 227|0x0000000710500000, 0x0000000710500000, 0x0000000710600000|  0%| F|  |TAMS 0x0000000710500000, 0x0000000710500000| Untracked 
| 228|0x0000000710600000, 0x0000000710600000, 0x0000000710700000|  0%| F|  |TAMS 0x0000000710600000, 0x0000000710600000| Untracked 
| 229|0x0000000710700000, 0x0000000710700000, 0x0000000710800000|  0%| F|  |TAMS 0x0000000710700000, 0x0000000710700000| Untracked 
| 230|0x0000000710800000, 0x0000000710800000, 0x0000000710900000|  0%| F|  |TAMS 0x0000000710800000, 0x0000000710800000| Untracked 
| 231|0x0000000710900000, 0x0000000710900000, 0x0000000710a00000|  0%| F|  |TAMS 0x0000000710900000, 0x0000000710900000| Untracked 
| 232|0x0000000710a00000, 0x0000000710a00000, 0x0000000710b00000|  0%| F|  |TAMS 0x0000000710a00000, 0x0000000710a00000| Untracked 
| 233|0x0000000710b00000, 0x0000000710b00000, 0x0000000710c00000|  0%| F|  |TAMS 0x0000000710b00000, 0x0000000710b00000| Untracked 
| 234|0x0000000710c00000, 0x0000000710c85820, 0x0000000710d00000| 52%| E|  |TAMS 0x0000000710c00000, 0x0000000710c00000| Complete 
| 235|0x0000000710d00000, 0x0000000710e00000, 0x0000000710e00000|100%| E|CS|TAMS 0x0000000710d00000, 0x0000000710d00000| Complete 
| 236|0x0000000710e00000, 0x0000000710f00000, 0x0000000710f00000|100%| E|CS|TAMS 0x0000000710e00000, 0x0000000710e00000| Complete 
| 237|0x0000000710f00000, 0x0000000711000000, 0x0000000711000000|100%| E|CS|TAMS 0x0000000710f00000, 0x0000000710f00000| Complete 
| 238|0x0000000711000000, 0x0000000711100000, 0x0000000711100000|100%| E|CS|TAMS 0x0000000711000000, 0x0000000711000000| Complete 
| 239|0x0000000711100000, 0x0000000711200000, 0x0000000711200000|100%| E|CS|TAMS 0x0000000711100000, 0x0000000711100000| Complete 
| 240|0x0000000711200000, 0x0000000711300000, 0x0000000711300000|100%| E|  |TAMS 0x0000000711200000, 0x0000000711200000| Complete 
| 241|0x0000000711300000, 0x0000000711400000, 0x0000000711400000|100%| E|CS|TAMS 0x0000000711300000, 0x0000000711300000| Complete 
| 242|0x0000000711400000, 0x0000000711500000, 0x0000000711500000|100%| E|CS|TAMS 0x0000000711400000, 0x0000000711400000| Complete 
| 243|0x0000000711500000, 0x0000000711600000, 0x0000000711600000|100%| E|CS|TAMS 0x0000000711500000, 0x0000000711500000| Complete 
| 244|0x0000000711600000, 0x0000000711700000, 0x0000000711700000|100%| E|CS|TAMS 0x0000000711600000, 0x0000000711600000| Complete 
| 245|0x0000000711700000, 0x0000000711800000, 0x0000000711800000|100%| E|CS|TAMS 0x0000000711700000, 0x0000000711700000| Complete 
| 246|0x0000000711800000, 0x0000000711900000, 0x0000000711900000|100%| E|CS|TAMS 0x0000000711800000, 0x0000000711800000| Complete 
| 247|0x0000000711900000, 0x0000000711a00000, 0x0000000711a00000|100%| E|CS|TAMS 0x0000000711900000, 0x0000000711900000| Complete 
| 248|0x0000000711a00000, 0x0000000711b00000, 0x0000000711b00000|100%| E|CS|TAMS 0x0000000711a00000, 0x0000000711a00000| Complete 
| 249|0x0000000711b00000, 0x0000000711c00000, 0x0000000711c00000|100%| E|CS|TAMS 0x0000000711b00000, 0x0000000711b00000| Complete 
| 250|0x0000000711c00000, 0x0000000711d00000, 0x0000000711d00000|100%| E|CS|TAMS 0x0000000711c00000, 0x0000000711c00000| Complete 
| 251|0x0000000711d00000, 0x0000000711e00000, 0x0000000711e00000|100%| E|CS|TAMS 0x0000000711d00000, 0x0000000711d00000| Complete 
| 252|0x0000000711e00000, 0x0000000711f00000, 0x0000000711f00000|100%| E|CS|TAMS 0x0000000711e00000, 0x0000000711e00000| Complete 
| 253|0x0000000711f00000, 0x0000000712000000, 0x0000000712000000|100%| E|CS|TAMS 0x0000000711f00000, 0x0000000711f00000| Complete 

Card table byte_map: [0x000001f230210000,0x000001f230a00000] _byte_map_base: 0x000001f22c9ff000

Marking Bits (Prev, Next): (CMBitMap*) 0x000001f2180062b8, (CMBitMap*) 0x000001f2180062f0
 Prev Bits: [0x000001f2311f0000, 0x000001f235168000)
 Next Bits: [0x000001f235170000, 0x000001f2390e8000)

Polling page: 0x000001f215f80000

Metaspace:

Usage:
  Non-class:      7.49 MB capacity,     7.39 MB ( 99%) used,    97.23 KB (  1%) free+waste,     5.31 KB ( <1%) overhead. 
      Class:    730.00 KB capacity,   671.28 KB ( 92%) used,    56.78 KB (  8%) free+waste,     1.94 KB ( <1%) overhead. 
       Both:      8.20 MB capacity,     8.04 MB ( 98%) used,   154.01 KB (  2%) free+waste,     7.25 KB ( <1%) overhead. 

Virtual space:
  Non-class space:        8.00 MB reserved,       7.50 MB ( 94%) committed 
      Class space:        1.00 GB reserved,     768.00 KB ( <1%) committed 
             Both:        1.01 GB reserved,       8.25 MB ( <1%) committed 

Chunk freelists:
   Non-Class:  11.00 KB
       Class:  6.00 KB
        Both:  17.00 KB

MaxMetaspaceSize: 17179869184.00 GB
CompressedClassSpaceSize: 1.00 GB
Initial GC threshold: 20.80 MB
Current GC threshold: 20.80 MB
CDS: off

CodeHeap 'non-profiled nmethods': size=120000Kb used=191Kb max_used=191Kb free=119808Kb
 bounds [0x000001f2281c0000, 0x000001f228430000, 0x000001f22f6f0000]
CodeHeap 'profiled nmethods': size=120000Kb used=939Kb max_used=939Kb free=119060Kb
 bounds [0x000001f220c90000, 0x000001f220f00000, 0x000001f2281c0000]
CodeHeap 'non-nmethods': size=5760Kb used=1101Kb max_used=1119Kb free=4658Kb
 bounds [0x000001f2206f0000, 0x000001f220960000, 0x000001f220c90000]
 total_blobs=890 nmethods=546 adapters=257
 compilation: enabled
              stopped_count=0, restarted_count=0
 full_count=0

Compilation events (20 events):
Event: 0.560 Thread 0x000001f23c5a1800  508       3       jdk.internal.misc.Unsafe::putObjectRelease (9 bytes)
Event: 0.560 Thread 0x000001f23c5a1800 nmethod 508 0x000001f220d69f10 code [0x000001f220d6a0c0, 0x000001f220d6a218]
Event: 0.560 Thread 0x000001f23c5a1800  510       3       java.util.concurrent.ConcurrentHashMap::setTabAt (20 bytes)
Event: 0.561 Thread 0x000001f23c5a1800 nmethod 510 0x000001f220d6a290 code [0x000001f220d6a440, 0x000001f220d6a6f8]
Event: 0.563 Thread 0x000001f23c5a1800  511       3       java.lang.String::replace (42 bytes)
Event: 0.564 Thread 0x000001f23c5a1800 nmethod 511 0x000001f220d6a810 code [0x000001f220d6a9e0, 0x000001f220d6acf8]
Event: 0.564 Thread 0x000001f23c5a1800  512   !   3       java.util.zip.ZipFile$ZipFileInputStream::read (135 bytes)
Event: 0.565 Thread 0x000001f23c5a1800 nmethod 512 0x000001f220d6ae10 code [0x000001f220d6b040, 0x000001f220d6b798]
Event: 0.565 Thread 0x000001f23c5a1800  513       3       java.util.zip.ZipFile::ensureOpenOrZipException (18 bytes)
Event: 0.565 Thread 0x000001f23c5a1800 nmethod 513 0x000001f220d6bb10 code [0x000001f220d6bce0, 0x000001f220d6bea8]
Event: 0.565 Thread 0x000001f23c5a1800  514       3       java.net.URL::getDefaultPort (8 bytes)
Event: 0.566 Thread 0x000001f23c5a1800 nmethod 514 0x000001f220d6bf90 code [0x000001f220d6c140, 0x000001f220d6c338]
Event: 0.567 Thread 0x000001f23c5a1800  515       3       sun.net.www.ParseUtil::encodePath (41 bytes)
Event: 0.567 Thread 0x000001f23c5a1800 nmethod 515 0x000001f220d6c410 code [0x000001f220d6c5e0, 0x000001f220d6c828]
Event: 0.568 Thread 0x000001f23c5a1800  516       3       jdk.internal.misc.VM::isModuleSystemInited (13 bytes)
Event: 0.568 Thread 0x000001f23c5a1800 nmethod 516 0x000001f220d6c910 code [0x000001f220d6cac0, 0x000001f220d6cc58]
Event: 0.571 Thread 0x000001f23c5a1800  517       3       java.net.URL::toString (5 bytes)
Event: 0.571 Thread 0x000001f23c5a1800 nmethod 517 0x000001f220d6cd10 code [0x000001f220d6cee0, 0x000001f220d6d108]
Event: 0.571 Thread 0x000001f23c5a1800  518       3       java.net.URL::toExternalForm (9 bytes)
Event: 0.572 Thread 0x000001f23c5a1800 nmethod 518 0x000001f220d6d210 code [0x000001f220d6d3c0, 0x000001f220d6d588]

GC Heap History (0 events):
No events

Deoptimization events (20 events):
Event: 0.524 Thread 0x000001f217fa3800 DEOPT PACKING pc=0x000001f2281d1484 sp=0x0000006231afe560
Event: 0.524 Thread 0x000001f217fa3800 DEOPT UNPACKING pc=0x000001f22073a1af sp=0x0000006231afe500 mode 2
Event: 0.526 Thread 0x000001f217fa3800 Uncommon trap: trap_request=0xffffff4d fr.pc=0x000001f2281d77b4 relative=0x0000000000000174
Event: 0.526 Thread 0x000001f217fa3800 Uncommon trap: reason=unstable_if action=reinterpret pc=0x000001f2281d77b4 method=java.util.zip.ZipFile$Source.isMetaName([BII)Z @ 57 c2
Event: 0.526 Thread 0x000001f217fa3800 DEOPT PACKING pc=0x000001f2281d77b4 sp=0x0000006231afa9c0
Event: 0.526 Thread 0x000001f217fa3800 DEOPT UNPACKING pc=0x000001f22073a1af sp=0x0000006231afa950 mode 2
Event: 0.529 Thread 0x000001f217fa3800 DEOPT PACKING pc=0x000001f220d26142 sp=0x0000006231afce00
Event: 0.529 Thread 0x000001f217fa3800 DEOPT UNPACKING pc=0x000001f22073a95e sp=0x0000006231afc268 mode 0
Event: 0.530 Thread 0x000001f217fa3800 DEOPT PACKING pc=0x000001f220ceb250 sp=0x0000006231afcdc0
Event: 0.530 Thread 0x000001f217fa3800 DEOPT UNPACKING pc=0x000001f22073a95e sp=0x0000006231afc260 mode 0
Event: 0.531 Thread 0x000001f217fa3800 DEOPT PACKING pc=0x000001f220ceb250 sp=0x0000006231afb090
Event: 0.531 Thread 0x000001f217fa3800 DEOPT UNPACKING pc=0x000001f22073a95e sp=0x0000006231afa530 mode 0
Event: 0.538 Thread 0x000001f217fa3800 Uncommon trap: trap_request=0xffffff4d fr.pc=0x000001f2281c1394 relative=0x0000000000000074
Event: 0.538 Thread 0x000001f217fa3800 Uncommon trap: reason=unstable_if action=reinterpret pc=0x000001f2281c1394 method=java.lang.String.isLatin1()Z @ 10 c2
Event: 0.538 Thread 0x000001f217fa3800 DEOPT PACKING pc=0x000001f2281c1394 sp=0x0000006231afeb20
Event: 0.538 Thread 0x000001f217fa3800 DEOPT UNPACKING pc=0x000001f22073a1af sp=0x0000006231afea60 mode 2
Event: 0.553 Thread 0x000001f217fa3800 Uncommon trap: trap_request=0xffffff4d fr.pc=0x000001f2281e79ec relative=0x000000000000068c
Event: 0.553 Thread 0x000001f217fa3800 Uncommon trap: reason=unstable_if action=reinterpret pc=0x000001f2281e79ec method=java.util.jar.Manifest$FastInputStream.readLine([BII)I @ 130 c2
Event: 0.553 Thread 0x000001f217fa3800 DEOPT PACKING pc=0x000001f2281e79ec sp=0x0000006231afbed0
Event: 0.553 Thread 0x000001f217fa3800 DEOPT UNPACKING pc=0x000001f22073a1af sp=0x0000006231afbe60 mode 2

Classes redefined (0 events):
No events

Internal exceptions (20 events):
Event: 0.513 Thread 0x000001f217fa3800 Exception <a 'java/security/PrivilegedActionException'{0x000000071120cd60}> (0x000000071120cd60) thrown at [c:\cygwin64\tmp\ojdkbuild\lookaside\java-11-openjdk\src\hotspot\share\prims\jvm.cpp, line 1306]
Event: 0.513 Thread 0x000001f217fa3800 Exception <a 'java/security/PrivilegedActionException'{0x000000071120d030}> (0x000000071120d030) thrown at [c:\cygwin64\tmp\ojdkbuild\lookaside\java-11-openjdk\src\hotspot\share\prims\jvm.cpp, line 1306]
Event: 0.513 Thread 0x000001f217fa3800 Exception <a 'java/security/PrivilegedActionException'{0x000000071120dc78}> (0x000000071120dc78) thrown at [c:\cygwin64\tmp\ojdkbuild\lookaside\java-11-openjdk\src\hotspot\share\prims\jvm.cpp, line 1306]
Event: 0.513 Thread 0x000001f217fa3800 Exception <a 'java/security/PrivilegedActionException'{0x000000071120df48}> (0x000000071120df48) thrown at [c:\cygwin64\tmp\ojdkbuild\lookaside\java-11-openjdk\src\hotspot\share\prims\jvm.cpp, line 1306]
Event: 0.513 Thread 0x000001f217fa3800 Exception <a 'java/security/PrivilegedActionException'{0x000000071120eb90}> (0x000000071120eb90) thrown at [c:\cygwin64\tmp\ojdkbuild\lookaside\java-11-openjdk\src\hotspot\share\prims\jvm.cpp, line 1306]
Event: 0.513 Thread 0x000001f217fa3800 Exception <a 'java/security/PrivilegedActionException'{0x000000071120ee60}> (0x000000071120ee60) thrown at [c:\cygwin64\tmp\ojdkbuild\lookaside\java-11-openjdk\src\hotspot\share\prims\jvm.cpp, line 1306]
Event: 0.513 Thread 0x000001f217fa3800 Exception <a 'java/security/PrivilegedActionException'{0x000000071120fa88}> (0x000000071120fa88) thrown at [c:\cygwin64\tmp\ojdkbuild\lookaside\java-11-openjdk\src\hotspot\share\prims\jvm.cpp, line 1306]
Event: 0.513 Thread 0x000001f217fa3800 Exception <a 'java/security/PrivilegedActionException'{0x000000071120fd58}> (0x000000071120fd58) thrown at [c:\cygwin64\tmp\ojdkbuild\lookaside\java-11-openjdk\src\hotspot\share\prims\jvm.cpp, line 1306]
Event: 0.514 Thread 0x000001f217fa3800 Exception <a 'java/security/PrivilegedActionException'{0x00000007112109a0}> (0x00000007112109a0) thrown at [c:\cygwin64\tmp\ojdkbuild\lookaside\java-11-openjdk\src\hotspot\share\prims\jvm.cpp, line 1306]
Event: 0.514 Thread 0x000001f217fa3800 Exception <a 'java/security/PrivilegedActionException'{0x0000000711210c70}> (0x0000000711210c70) thrown at [c:\cygwin64\tmp\ojdkbuild\lookaside\java-11-openjdk\src\hotspot\share\prims\jvm.cpp, line 1306]
Event: 0.514 Thread 0x000001f217fa3800 Exception <a 'java/security/PrivilegedActionException'{0x0000000711211898}> (0x0000000711211898) thrown at [c:\cygwin64\tmp\ojdkbuild\lookaside\java-11-openjdk\src\hotspot\share\prims\jvm.cpp, line 1306]
Event: 0.514 Thread 0x000001f217fa3800 Exception <a 'java/security/PrivilegedActionException'{0x0000000711211b68}> (0x0000000711211b68) thrown at [c:\cygwin64\tmp\ojdkbuild\lookaside\java-11-openjdk\src\hotspot\share\prims\jvm.cpp, line 1306]
Event: 0.514 Thread 0x000001f217fa3800 Exception <a 'java/security/PrivilegedActionException'{0x00000007112127b0}> (0x00000007112127b0) thrown at [c:\cygwin64\tmp\ojdkbuild\lookaside\java-11-openjdk\src\hotspot\share\prims\jvm.cpp, line 1306]
Event: 0.514 Thread 0x000001f217fa3800 Exception <a 'java/security/PrivilegedActionException'{0x0000000711212a80}> (0x0000000711212a80) thrown at [c:\cygwin64\tmp\ojdkbuild\lookaside\java-11-openjdk\src\hotspot\share\prims\jvm.cpp, line 1306]
Event: 0.514 Thread 0x000001f217fa3800 Exception <a 'java/security/PrivilegedActionException'{0x00000007112136c8}> (0x00000007112136c8) thrown at [c:\cygwin64\tmp\ojdkbuild\lookaside\java-11-openjdk\src\hotspot\share\prims\jvm.cpp, line 1306]
Event: 0.514 Thread 0x000001f217fa3800 Exception <a 'java/security/PrivilegedActionException'{0x0000000711213998}> (0x0000000711213998) thrown at [c:\cygwin64\tmp\ojdkbuild\lookaside\java-11-openjdk\src\hotspot\share\prims\jvm.cpp, line 1306]
Event: 0.522 Thread 0x000001f217fa3800 Exception <a 'java/security/PrivilegedActionException'{0x000000071111b6b0}> (0x000000071111b6b0) thrown at [c:\cygwin64\tmp\ojdkbuild\lookaside\java-11-openjdk\src\hotspot\share\prims\jvm.cpp, line 1306]
Event: 0.522 Thread 0x000001f217fa3800 Exception <a 'java/security/PrivilegedActionException'{0x000000071111b980}> (0x000000071111b980) thrown at [c:\cygwin64\tmp\ojdkbuild\lookaside\java-11-openjdk\src\hotspot\share\prims\jvm.cpp, line 1306]
Event: 0.522 Thread 0x000001f217fa3800 Exception <a 'java/security/PrivilegedActionException'{0x000000071111c5c8}> (0x000000071111c5c8) thrown at [c:\cygwin64\tmp\ojdkbuild\lookaside\java-11-openjdk\src\hotspot\share\prims\jvm.cpp, line 1306]
Event: 0.522 Thread 0x000001f217fa3800 Exception <a 'java/security/PrivilegedActionException'{0x000000071111c898}> (0x000000071111c898) thrown at [c:\cygwin64\tmp\ojdkbuild\lookaside\java-11-openjdk\src\hotspot\share\prims\jvm.cpp, line 1306]

Events (20 events):
Event: 0.563 loading class scala/Equals
Event: 0.563 loading class scala/Equals done
Event: 0.564 loading class scala/collection/TraversableLike
Event: 0.564 loading class scala/collection/TraversableLike done
Event: 0.565 loading class scala/collection/generic/HasNewBuilder
Event: 0.565 loading class scala/collection/generic/HasNewBuilder done
Event: 0.565 loading class scala/collection/generic/FilterMonadic
Event: 0.565 loading class scala/collection/generic/FilterMonadic done
Event: 0.566 loading class scala/collection/TraversableOnce
Event: 0.566 loading class scala/collection/TraversableOnce done
Event: 0.566 loading class scala/collection/GenTraversableOnce
Event: 0.566 loading class scala/collection/GenTraversableOnce done
Event: 0.568 loading class scala/collection/GenTraversableLike
Event: 0.568 loading class scala/collection/GenTraversableLike done
Event: 0.568 loading class scala/collection/Parallelizable
Event: 0.568 loading class scala/collection/Parallelizable done
Event: 0.569 loading class scala/collection/GenIterableLike
Event: 0.569 loading class scala/collection/GenIterableLike done
Event: 0.571 loading class scala/collection/GenSeqLike
Event: 0.571 loading class scala/collection/GenSeqLike done


Dynamic libraries:
0x00007ff7ecee0000 - 0x00007ff7ecf42000 	D:\BigDataLocalSetup\java-11\bin\java.exe
0x00007ffc59cb0000 - 0x00007ffc59ea8000 	C:\Windows\SYSTEM32\ntdll.dll
0x00007ffc58e80000 - 0x00007ffc58f3d000 	C:\Windows\System32\KERNEL32.DLL
0x00007ffc576e0000 - 0x00007ffc579d6000 	C:\Windows\System32\KERNELBASE.dll
0x00007ffc574c0000 - 0x00007ffc575c0000 	C:\Windows\System32\ucrtbase.dll
0x00007ffc32fc0000 - 0x00007ffc32fd5000 	D:\BigDataLocalSetup\java-11\bin\VCRUNTIME140.dll
0x00007ffc32fa0000 - 0x00007ffc32fb7000 	D:\BigDataLocalSetup\java-11\bin\jli.dll
0x00007ffc58ce0000 - 0x00007ffc58e7f000 	C:\Windows\System32\USER32.dll
0x00007ffc3fd30000 - 0x00007ffc3ffca000 	C:\Windows\WinSxS\amd64_microsoft.windows.common-controls_6595b64144ccf1df_6.0.19041.4355_none_60b8b9eb71f62e16\COMCTL32.dll
0x00007ffc57490000 - 0x00007ffc574b2000 	C:\Windows\System32\win32u.dll
0x00007ffc57cf0000 - 0x00007ffc57d8e000 	C:\Windows\System32\msvcrt.dll
0x00007ffc58010000 - 0x00007ffc5803b000 	C:\Windows\System32\GDI32.dll
0x00007ffc575c0000 - 0x00007ffc576d7000 	C:\Windows\System32\gdi32full.dll
0x00007ffc57c50000 - 0x00007ffc57ced000 	C:\Windows\System32\msvcp_win.dll
0x00007ffc583a0000 - 0x00007ffc583cf000 	C:\Windows\System32\IMM32.DLL
0x00007ffc32f00000 - 0x00007ffc32f9b000 	D:\BigDataLocalSetup\java-11\bin\msvcp140.dll
0x00007ffbfb6a0000 - 0x00007ffbfc22e000 	D:\BigDataLocalSetup\java-11\bin\server\jvm.dll
0x00007ffc589e0000 - 0x00007ffc58a90000 	C:\Windows\System32\ADVAPI32.dll
0x00007ffc58a90000 - 0x00007ffc58b30000 	C:\Windows\System32\sechost.dll
0x00007ffc588b0000 - 0x00007ffc589d3000 	C:\Windows\System32\RPCRT4.dll
0x00007ffc57a30000 - 0x00007ffc57a57000 	C:\Windows\System32\bcrypt.dll
0x00007ffc57d90000 - 0x00007ffc57d98000 	C:\Windows\System32\PSAPI.DLL
0x00007ffc48110000 - 0x00007ffc48119000 	C:\Windows\SYSTEM32\WSOCK32.dll
0x00007ffc4ad00000 - 0x00007ffc4ad27000 	C:\Windows\SYSTEM32\WINMM.dll
0x00007ffc58f40000 - 0x00007ffc58fab000 	C:\Windows\System32\WS2_32.dll
0x00007ffc4e880000 - 0x00007ffc4e88a000 	C:\Windows\SYSTEM32\VERSION.dll
0x00007ffc55b40000 - 0x00007ffc55b52000 	C:\Windows\SYSTEM32\kernel.appcore.dll
0x00007ffc32ef0000 - 0x00007ffc32f00000 	D:\BigDataLocalSetup\java-11\bin\verify.dll
0x00007ffc54f50000 - 0x00007ffc55134000 	C:\Windows\SYSTEM32\DBGHELP.DLL
0x00007ffc4d840000 - 0x00007ffc4d874000 	C:\Windows\SYSTEM32\dbgcore.DLL
0x00007ffc57bc0000 - 0x00007ffc57c42000 	C:\Windows\System32\bcryptPrimitives.dll
0x00007ffc32ec0000 - 0x00007ffc32ee8000 	D:\BigDataLocalSetup\java-11\bin\java.dll
0x00007ffc32eb0000 - 0x00007ffc32eba000 	D:\BigDataLocalSetup\java-11\bin\jimage.dll
0x00007ffc53480000 - 0x00007ffc5348e000 	D:\BigDataLocalSetup\java-11\bin\instrument.dll
0x00007ffc32e90000 - 0x00007ffc32ea8000 	D:\BigDataLocalSetup\java-11\bin\zip.dll
0x00007ffc590a0000 - 0x00007ffc5980c000 	C:\Windows\System32\SHELL32.dll
0x00007ffc55390000 - 0x00007ffc55b2d000 	C:\Windows\SYSTEM32\windows.storage.dll
0x00007ffc58040000 - 0x00007ffc58393000 	C:\Windows\System32\combase.dll
0x00007ffc56d90000 - 0x00007ffc56dbe000 	C:\Windows\SYSTEM32\Wldp.dll
0x00007ffc58b30000 - 0x00007ffc58bfd000 	C:\Windows\System32\OLEAUT32.dll
0x00007ffc57db0000 - 0x00007ffc57e5d000 	C:\Windows\System32\SHCORE.dll
0x00007ffc59810000 - 0x00007ffc59865000 	C:\Windows\System32\shlwapi.dll
0x00007ffc572a0000 - 0x00007ffc572c4000 	C:\Windows\SYSTEM32\profapi.dll
0x00007ffc32e70000 - 0x00007ffc32e89000 	D:\BigDataLocalSetup\java-11\bin\net.dll
0x00007ffc4d9b0000 - 0x00007ffc4daba000 	C:\Windows\SYSTEM32\WINHTTP.dll
0x00007ffc56af0000 - 0x00007ffc56b5a000 	C:\Windows\system32\mswsock.dll
0x00007ffc32e50000 - 0x00007ffc32e63000 	D:\BigDataLocalSetup\java-11\bin\nio.dll
0x00007ffc52e90000 - 0x00007ffc52eaa000 	C:\Program Files\JetBrains\IntelliJ IDEA Community Edition 2024.1.1\bin\breakgen64.dll

dbghelp: loaded successfully - version: 4.0.5 - missing functions: none
symbol engine: initialized successfully - sym options: 0x614 - pdb path: .;D:\BigDataLocalSetup\java-11\bin;C:\Windows\SYSTEM32;C:\Windows\WinSxS\amd64_microsoft.windows.common-controls_6595b64144ccf1df_6.0.19041.4355_none_60b8b9eb71f62e16;D:\BigDataLocalSetup\java-11\bin\server;C:\Program Files\JetBrains\IntelliJ IDEA Community Edition 2024.1.1\bin

VM Arguments:
jvm_args: -javaagent:C:\Program Files\JetBrains\IntelliJ IDEA Community Edition 2024.1.1\lib\idea_rt.jar=54987:C:\Program Files\JetBrains\IntelliJ IDEA Community Edition 2024.1.1\bin -Dfile.encoding=UTF-8 
java_command: com.spark.dataflow.Flow --configFile D:\Google_Drive_Rahul\GitHub\SparkDataFlow\src\main\resources\job_Databricks.yml --jobFile D:\Google_Drive_Rahul\GitHub\SparkDataFlow\src\main\resources\config.yml
java_class_path (initial): D:\Google_Drive_Rahul\GitHub\SparkDataFlow\target\classes;C:\Users\rahul\.m2\repository\org\scala-lang\scala-library\2.12.15\scala-library-2.12.15.jar;C:\Users\rahul\.m2\repository\com\fasterxml\jackson\module\jackson-module-scala_2.12\2.13.4\jackson-module-scala_2.12-2.13.4.jar;C:\Users\rahul\.m2\repository\com\fasterxml\jackson\core\jackson-core\2.13.4\jackson-core-2.13.4.jar;C:\Users\rahul\.m2\repository\com\fasterxml\jackson\core\jackson-annotations\2.13.4\jackson-annotations-2.13.4.jar;C:\Users\rahul\.m2\repository\com\thoughtworks\paranamer\paranamer\2.8\paranamer-2.8.jar;C:\Users\rahul\.m2\repository\com\fasterxml\jackson\core\jackson-databind\2.13.4\jackson-databind-2.13.4.jar;C:\Users\rahul\.m2\repository\com\fasterxml\jackson\dataformat\jackson-dataformat-yaml\2.13.4\jackson-dataformat-yaml-2.13.4.jar;C:\Users\rahul\.m2\repository\org\yaml\snakeyaml\1.31\snakeyaml-1.31.jar;C:\Users\rahul\.m2\repository\com\softwaremill\sttp\client3\httpclient-backend_2.12\3.3.15\httpclient-backend_2.12-3.3.15.jar;C:\Users\rahul\.m2\repository\com\softwaremill\sttp\client3\core_2.12\3.3.15\core_2.12-3.3.15.jar;C:\Users\rahul\.m2\repository\com\softwaremill\sttp\model\core_2.12\1.4.13\core_2.12-1.4.13.jar;C:\Users\rahul\.m2\repository\com\softwaremill\sttp\shared\core_2.12\1.2.6\core_2.12-1.2.6.jar;C:\Users\rahul\.m2\repository\com\softwaremill\sttp\shared\ws_2.12\1.2.6\ws_2.12-1.2.6.jar;C:\Users\rahul\.m2\repository\org\reactivestreams\reactive-streams-flow-adapters\1.0.2\reactive-streams-flow-adapters-1.0.2.jar;C:\Users\rahul\.m2\repository\org\reactivestreams\reactive-streams\1.0.2\reactive-streams-1.0.2.jar;C:\Users\rahul\.m2\repository\org\apache\logging\log4j\log4j-core\2.18.0\log4j-core-2.18.0.jar;C:\Users\rahul\.m2\repository\org\apache\logging\log4j\log4j-api\2.18.0\log4j-api-2.18.0.jar;C:\Users\rahul\.m2\repository\org\rogach\scallop_2.12\3.5.1\scallop_2.12-3.5.1.jar;C:\Users\rahul\.m2\repository\org\apache\spark\spark-core_2.12\3.0.0\s
Launcher Type: SUN_STANDARD

[Global flags]
     intx CICompilerCount                          = 4                                         {product} {ergonomic}
     uint ConcGCThreads                            = 2                                         {product} {ergonomic}
     uint G1ConcRefinementThreads                  = 8                                         {product} {ergonomic}
   size_t G1HeapRegionSize                         = 1048576                                   {product} {ergonomic}
    uintx GCDrainStackTargetSize                   = 64                                        {product} {ergonomic}
   size_t InitialHeapSize                          = 266338304                                 {product} {ergonomic}
   size_t MarkStackSize                            = 4194304                                   {product} {ergonomic}
   size_t MaxHeapSize                              = 4259315712                                {product} {ergonomic}
   size_t MaxNewSize                               = 2555379712                                {product} {ergonomic}
   size_t MinHeapDeltaBytes                        = 1048576                                   {product} {ergonomic}
    uintx NonNMethodCodeHeapSize                   = 5836300                                {pd product} {ergonomic}
    uintx NonProfiledCodeHeapSize                  = 122910970                              {pd product} {ergonomic}
    uintx ProfiledCodeHeapSize                     = 122910970                              {pd product} {ergonomic}
    uintx ReservedCodeCacheSize                    = 251658240                              {pd product} {ergonomic}
     bool SegmentedCodeCache                       = true                                      {product} {ergonomic}
     bool UseCompressedClassPointers               = true                                 {lp64_product} {ergonomic}
     bool UseCompressedOops                        = true                                 {lp64_product} {ergonomic}
     bool UseG1GC                                  = true                                      {product} {ergonomic}
     bool UseLargePagesIndividualAllocation        = false                                  {pd product} {ergonomic}

Logging:
Log output configuration:
 #0: stdout all=warning uptime,level,tags
 #1: stderr all=off uptime,level,tags

Environment Variables:
JAVA_HOME=D:\BigDataLocalSetup\java-11
PATH=C:\Windows\system32;C:\Windows;C:\Windows\System32\Wbem;C:\Windows\System32\WindowsPowerShell\v1.0\;C:\Windows\System32\OpenSSH\;C:\Program Files\dotnet\;C:\Program Files (x86)\NVIDIA Corporation\PhysX\Common;C:\Program Files (x86)\Intel\Intel(R) Management Engine Components\DAL;C:\Program Files\Intel\Intel(R) Management Engine Components\DAL;C:\Program Files\Git\cmd;C:\Program Files\Docker\Docker\resources\bin;C:\Program Files\MySQL\MySQL Shell 8.0\bin\;C:\Users\rahul\AppData\Local\Microsoft\WindowsApps;D:\BigDataLocalSetup\java-11\bin;D:\BigDataLocalSetup\Spark_local_setup\spark\bin;D:\BigDataLocalSetup\Hadoop\bin;;C:\Program Files\JetBrains\IntelliJ IDEA Community Edition 2024.1.1\bin;;C:\Users\rahul\AppData\Local\Programs\Microsoft VS Code\bin
USERNAME=rahul
OS=Windows_NT
PROCESSOR_IDENTIFIER=Intel64 Family 6 Model 94 Stepping 3, GenuineIntel
TMP=C:\Users\rahul\AppData\Local\Temp
TEMP=C:\Users\rahul\AppData\Local\Temp



---------------  S Y S T E M  ---------------

OS: Windows 10 , 64 bit Build 19041 (10.0.19041.3636)
OS uptime: 10 days 18:04 hours
Hyper-V role detected

CPU:total 8 (initial active 8) (4 cores per cpu, 2 threads per core) family 6 model 94 stepping 3 microcode 0xe2, cmov, cx8, fxsr, mmx, sse, sse2, sse3, ssse3, sse4.1, sse4.2, popcnt, avx, avx2, aes, clmul, erms, rtm, 3dnowpref, lzcnt, ht, tsc, tscinvbit, bmi1, bmi2, adx, fma

Memory: 4k page, system-wide physical 16246M (5271M free)
TotalPageFile size 18678M (AvailPageFile size 4396M)
current process WorkingSet (physical memory assigned to process): 80M, peak: 80M
current process commit charge ("private bytes"): 360M, peak: 360M

vm_info: OpenJDK 64-Bit Server VM (11.0.19+7-LTS) for windows-amd64 JRE (11.0.19+7-LTS), built on Apr 14 2023 13:52:19 by "" with MS VC++ 15.9 (VS2017)

END.
